<?xml version="1.0" encoding="UTF-8"?>
<testng-results skipped="0" failed="0" ignored="0" total="3" passed="3">
  <reporter-output>
  </reporter-output>
  <suite name="Surefire suite" duration-ms="107273" started-at="2023-06-17T15:08:16 IST" finished-at="2023-06-17T15:10:03 IST">
    <groups>
      <group name="cucumber">
        <method signature="AbstractTestNGCucumberTests.runScenario(io.cucumber.testng.PickleWrapper, io.cucumber.testng.FeatureWrapper)[pri:0, instance:runner.CucumberTestRunner@48503868]" name="runScenario" class="io.cucumber.testng.AbstractTestNGCucumberTests"/>
      </group> <!-- cucumber -->
    </groups>
    <test name="Surefire test" duration-ms="107273" started-at="2023-06-17T15:08:16 IST" finished-at="2023-06-17T15:10:03 IST">
      <class name="runner.CucumberTestRunner">
        <test-method status="PASS" signature="setUpClass()[pri:0, instance:runner.CucumberTestRunner@48503868]" name="setUpClass" is-config="true" duration-ms="1831" started-at="2023-06-17T15:08:16 IST" finished-at="2023-06-17T15:08:17 IST">
          <reporter-output>
          </reporter-output>
        </test-method> <!-- setUpClass -->
        <test-method status="PASS" signature="runScenario(io.cucumber.testng.PickleWrapper, io.cucumber.testng.FeatureWrapper)[pri:0, instance:runner.CucumberTestRunner@48503868]" name="runScenario" duration-ms="49339" started-at="2023-06-17T15:08:18 IST" description="Runs Cucumber Scenarios" data-provider="scenarios" finished-at="2023-06-17T15:09:07 IST">
          <params>
            <param index="0">
              <value>
                <![CDATA["Verfication of number of columns and articles"]]>
              </value>
            </param>
            <param index="1">
              <value>
                <![CDATA["Optional[Verifying Digital Pulse webPage]"]]>
              </value>
            </param>
          </params>
          <reporter-output>
          </reporter-output>
        </test-method> <!-- runScenario -->
        <test-method status="PASS" signature="runScenario(io.cucumber.testng.PickleWrapper, io.cucumber.testng.FeatureWrapper)[pri:0, instance:runner.CucumberTestRunner@48503868]" name="runScenario" duration-ms="37529" started-at="2023-06-17T15:09:07 IST" description="Runs Cucumber Scenarios" data-provider="scenarios" finished-at="2023-06-17T15:09:44 IST">
          <params>
            <param index="0">
              <value>
                <![CDATA["Subsribe Page Fields Verification"]]>
              </value>
            </param>
            <param index="1">
              <value>
                <![CDATA["Optional[Verifying Digital Pulse webPage]"]]>
              </value>
            </param>
          </params>
          <reporter-output>
          </reporter-output>
        </test-method> <!-- runScenario -->
        <test-method status="PASS" signature="runScenario(io.cucumber.testng.PickleWrapper, io.cucumber.testng.FeatureWrapper)[pri:0, instance:runner.CucumberTestRunner@48503868]" name="runScenario" duration-ms="17422" started-at="2023-06-17T15:09:44 IST" description="Runs Cucumber Scenarios" data-provider="scenarios" finished-at="2023-06-17T15:10:02 IST">
          <params>
            <param index="0">
              <value>
                <![CDATA["verification of Number of Search Results"]]>
              </value>
            </param>
            <param index="1">
              <value>
                <![CDATA["Optional[Verifying Digital Pulse webPage]"]]>
              </value>
            </param>
          </params>
          <reporter-output>
          </reporter-output>
        </test-method> <!-- runScenario -->
        <test-method status="PASS" signature="tearDownClass()[pri:0, instance:runner.CucumberTestRunner@48503868]" name="tearDownClass" is-config="true" duration-ms="1057" started-at="2023-06-17T15:10:02 IST" finished-at="2023-06-17T15:10:03 IST">
          <reporter-output>
          </reporter-output>
        </test-method> <!-- tearDownClass -->
      </class> <!-- runner.CucumberTestRunner -->
    </test> <!-- Surefire test -->
  </suite> <!-- Surefire suite -->
</testng-results>
