<?xml version="1.0" encoding="UTF-8"?>
<testsuite xmlns:xsi="http://www.w3.org/2001/XMLSchema-instance" xsi:noNamespaceSchemaLocation="https://maven.apache.org/surefire/maven-surefire-plugin/xsd/surefire-test-report.xsd" name="runner.CucumberTestRunner" time="108.54" tests="3" errors="0" skipped="0" failures="0">
  <properties>
[...]
</properties>
  <testcase name="runScenario" classname="runner.CucumberTestRunner" time="49.342"/>
  <testcase name="runScenario" classname="runner.CucumberTestRunner" time="37.527"/>
  <testcase name="runScenario" classname="runner.CucumberTestRunner" time="17.42"/>
</testsuite>